{
  "0 debug pnpm:scope": {
    "selected": 1
  },
  "1 error pnpm": {
    "code": "ELIFECYCLE",
    "errno": "ENOENT",
    "syscall": "spawn",
    "file": "sh",
    "pkgid": "jimmy@0.1.0",
    "stage": "build",
    "script": "next build",
    "pkgname": "jimmy",
    "err": {
      "name": "Error",
      "message": "jimmy@0.1.0 build: `next build`\nspawn ENOENT",
      "code": "ELIFECYCLE",
      "stack": "Error: jimmy@0.1.0 build: `next build`\nspawn ENOENT\n    at ChildProcess.<anonymous> (/Users/jimmy/.node/corepack/pnpm/6.11.0/dist/pnpm.cjs:93073:22)\n    at ChildProcess.emit (node:events:512:28)\n    at maybeClose (node:internal/child_process:1098:16)\n    at ChildProcess._handle.onexit (node:internal/child_process:304:5)"
    }
  }
}